INFO 2026-01-07 20:58:12,405 autoreload Watching for file changes with StatReloader
INFO 2026-01-07 20:58:16,468 basehttp "GET / HTTP/1.1" 200 10783
INFO 2026-01-07 21:07:09,297 autoreload Watching for file changes with StatReloader
INFO 2026-01-07 21:07:21,162 basehttp "GET /admin/ HTTP/1.1" 302 0
INFO 2026-01-07 21:07:21,199 basehttp "GET /admin/login/?next=/admin/ HTTP/1.1" 200 4249
INFO 2026-01-07 21:07:21,243 basehttp "GET /static/admin/css/nav_sidebar.css HTTP/1.1" 200 2694
INFO 2026-01-07 21:07:21,244 basehttp "GET /static/admin/css/login.css HTTP/1.1" 200 958
INFO 2026-01-07 21:07:21,245 basehttp "GET /static/admin/css/responsive.css HTTP/1.1" 200 18557
INFO 2026-01-07 21:07:21,245 basehttp "GET /static/admin/css/dark_mode.css HTTP/1.1" 200 2929
INFO 2026-01-07 21:07:21,246 basehttp "GET /static/admin/css/base.css HTTP/1.1" 200 21207
INFO 2026-01-07 21:07:21,395 basehttp "GET /static/admin/js/nav_sidebar.js HTTP/1.1" 200 3063
INFO 2026-01-07 21:07:21,395 basehttp "GET /static/admin/js/theme.js HTTP/1.1" 200 1943
WARNING 2026-01-07 21:07:21,471 log Not Found: /favicon.ico
WARNING 2026-01-07 21:07:21,472 basehttp "GET /favicon.ico HTTP/1.1" 404 2121
INFO 2026-01-07 21:07:32,188 basehttp "POST /admin/login/?next=/admin/ HTTP/1.1" 302 0
INFO 2026-01-07 21:07:32,202 basehttp "GET /admin/ HTTP/1.1" 200 5226
INFO 2026-01-07 21:07:32,236 basehttp "GET /static/admin/css/dashboard.css HTTP/1.1" 200 441
INFO 2026-01-07 21:07:32,263 basehttp "GET /static/admin/img/icon-addlink.svg HTTP/1.1" 200 331
INFO 2026-01-07 21:07:32,264 basehttp "GET /static/admin/img/icon-changelink.svg HTTP/1.1" 200 380
INFO 2026-01-07 21:07:39,758 basehttp "GET /admin/auth/group/ HTTP/1.1" 200 7075
INFO 2026-01-07 21:07:39,790 basehttp "GET /static/admin/css/changelists.css HTTP/1.1" 200 6584
INFO 2026-01-07 21:07:39,791 basehttp "GET /static/admin/js/jquery.init.js HTTP/1.1" 200 347
INFO 2026-01-07 21:07:39,793 basehttp "GET /static/admin/js/admin/RelatedObjectLookups.js HTTP/1.1" 200 8943
INFO 2026-01-07 21:07:39,794 basehttp "GET /static/admin/js/core.js HTTP/1.1" 200 5682
INFO 2026-01-07 21:07:39,806 basehttp "GET /admin/jsi18n/ HTTP/1.1" 200 8006
INFO 2026-01-07 21:07:39,808 basehttp "GET /static/admin/js/prepopulate.js HTTP/1.1" 200 1531
INFO 2026-01-07 21:07:39,810 basehttp "GET /static/admin/js/actions.js HTTP/1.1" 200 7872
INFO 2026-01-07 21:07:39,811 basehttp "GET /static/admin/img/search.svg HTTP/1.1" 200 458
INFO 2026-01-07 21:07:39,812 basehttp "GET /static/admin/js/urlify.js HTTP/1.1" 200 7887
INFO 2026-01-07 21:07:39,816 basehttp "GET /static/admin/js/vendor/jquery/jquery.js HTTP/1.1" 200 292458
INFO 2026-01-07 21:07:39,818 basehttp "GET /static/admin/js/vendor/xregexp/xregexp.js HTTP/1.1" 200 232381
INFO 2026-01-07 21:07:39,820 basehttp "GET /static/admin/js/filters.js HTTP/1.1" 200 978
INFO 2026-01-07 21:07:39,846 basehttp "GET /static/admin/img/tooltag-add.svg HTTP/1.1" 200 331
INFO 2026-01-07 21:07:42,822 basehttp "GET /admin/ HTTP/1.1" 200 5226
WARNING 2026-01-07 21:07:56,356 log Not Found: /api/estaciones/
WARNING 2026-01-07 21:07:56,356 basehttp "GET /api/estaciones/ HTTP/1.1" 404 2133
INFO 2026-01-07 21:08:20,057 basehttp "GET / HTTP/1.1" 200 10783
WARNING 2026-01-07 21:08:20,150 basehttp "GET /static/admin/css/fonts.css HTTP/1.1" 404 1816
WARNING 2026-01-07 21:08:20,382 log Not Found: /favicon.ico
WARNING 2026-01-07 21:08:20,382 basehttp "GET /favicon.ico HTTP/1.1" 404 2121
INFO 2026-01-07 21:16:08,661 autoreload /Users/catalinamarin/Desktop/bikemetro-fullstack/backend/bikemetro_backend/urls.py changed, reloading.
INFO 2026-01-07 21:16:09,136 autoreload Watching for file changes with StatReloader
INFO 2026-01-07 21:16:45,525 autoreload /Users/catalinamarin/Desktop/bikemetro-fullstack/backend/api/admin.py changed, reloading.
INFO 2026-01-07 21:16:45,965 autoreload Watching for file changes with StatReloader
INFO 2026-01-07 21:17:46,148 autoreload /Users/catalinamarin/Desktop/bikemetro-fullstack/backend/api/admin.py changed, reloading.
INFO 2026-01-07 21:17:46,601 autoreload Watching for file changes with StatReloader
INFO 2026-01-07 21:17:49,871 autoreload /Users/catalinamarin/Desktop/bikemetro-fullstack/backend/bikemetro_backend/urls.py changed, reloading.
INFO 2026-01-07 21:17:50,196 autoreload Watching for file changes with StatReloader
INFO 2026-01-07 21:17:54,487 autoreload /Users/catalinamarin/Desktop/bikemetro-fullstack/backend/api/urls.py changed, reloading.
INFO 2026-01-07 21:17:54,893 autoreload Watching for file changes with StatReloader
INFO 2026-01-07 21:17:56,100 autoreload /Users/catalinamarin/Desktop/bikemetro-fullstack/backend/api/serializers.py changed, reloading.
INFO 2026-01-07 21:17:56,411 autoreload Watching for file changes with StatReloader
WARNING 2026-01-07 21:18:32,312 log Unauthorized: /api/estaciones/
WARNING 2026-01-07 21:18:32,312 basehttp "GET /api/estaciones/ HTTP/1.1" 401 65
WARNING 2026-01-07 21:19:05,038 log Unauthorized: /api/
WARNING 2026-01-07 21:19:05,039 basehttp "GET /api/ HTTP/1.1" 401 5073
INFO 2026-01-07 21:19:05,101 basehttp "GET /static/rest_framework/js/ajax-form.js HTTP/1.1" 200 3796
INFO 2026-01-07 21:19:05,104 basehttp "GET /static/rest_framework/css/bootstrap-tweaks.css HTTP/1.1" 200 3426
INFO 2026-01-07 21:19:05,109 basehttp "GET /static/rest_framework/css/default.css HTTP/1.1" 200 1152
INFO 2026-01-07 21:19:05,113 basehttp "GET /static/rest_framework/js/jquery-3.7.1.min.js HTTP/1.1" 200 87533
INFO 2026-01-07 21:19:05,113 basehttp "GET /static/rest_framework/css/prettify.css HTTP/1.1" 200 817
INFO 2026-01-07 21:19:05,118 basehttp "GET /static/rest_framework/js/csrf.js HTTP/1.1" 200 1793
INFO 2026-01-07 21:19:05,118 basehttp "GET /static/rest_framework/js/default.js HTTP/1.1" 200 1268
INFO 2026-01-07 21:19:05,122 basehttp "GET /static/rest_framework/js/bootstrap.min.js HTTP/1.1" 200 39680
INFO 2026-01-07 21:19:05,124 basehttp "GET /static/rest_framework/js/prettify-min.js HTTP/1.1" 200 13632
INFO 2026-01-07 21:19:05,125 basehttp "GET /static/rest_framework/js/load-ajax-form.js HTTP/1.1" 200 59
INFO 2026-01-07 21:19:05,126 basehttp "GET /static/rest_framework/css/bootstrap.min.css HTTP/1.1" 200 121457
INFO 2026-01-07 21:19:05,287 basehttp "GET /static/rest_framework/img/grid.png HTTP/1.1" 200 1458
INFO 2026-01-07 21:19:53,586 basehttp "POST /api/auth/register/ HTTP/1.1" 201 118
INFO 2026-01-07 21:20:10,154 basehttp "POST /api/auth/login/ HTTP/1.1" 200 489
INFO 2026-01-07 21:23:05,308 basehttp "GET /api/estaciones/ HTTP/1.1" 200 1884
INFO 2026-01-07 22:52:01,061 autoreload Watching for file changes with StatReloader
WARNING 2026-01-07 22:52:51,742 log Unauthorized: /api/estaciones/
WARNING 2026-01-07 22:52:51,743 basehttp "GET /api/estaciones/ HTTP/1.1" 401 65
WARNING 2026-01-07 23:00:59,943 log Unauthorized: /api/estaciones/
WARNING 2026-01-07 23:00:59,945 basehttp "GET /api/estaciones/ HTTP/1.1" 401 65
WARNING 2026-01-07 23:03:24,427 log Unauthorized: /api/estaciones/
WARNING 2026-01-07 23:03:24,430 basehttp "GET /api/estaciones/ HTTP/1.1" 401 65
INFO 2026-01-08 15:58:03,505 autoreload Watching for file changes with StatReloader
INFO 2026-01-08 15:58:17,692 autoreload Watching for file changes with StatReloader
INFO 2026-01-08 16:02:14,835 basehttp "POST /api/auth/login/ HTTP/1.1" 200 489
INFO 2026-01-08 16:02:14,858 basehttp "GET /api/usuarios/me/ HTTP/1.1" 200 203
INFO 2026-01-08 16:10:57,055 basehttp "POST /api/auth/login/ HTTP/1.1" 200 489
INFO 2026-01-08 16:10:57,102 basehttp "GET /api/usuarios/me/ HTTP/1.1" 200 203
INFO 2026-01-08 16:13:43,932 basehttp "POST /api/auth/login/ HTTP/1.1" 200 489
INFO 2026-01-08 16:13:43,980 basehttp "GET /api/usuarios/me/ HTTP/1.1" 200 203
INFO 2026-01-08 16:13:44,040 basehttp "GET /api/estaciones/ HTTP/1.1" 200 1884
INFO 2026-01-08 16:17:56,466 basehttp "GET /api/usuarios/me/ HTTP/1.1" 200 203
INFO 2026-01-08 16:17:56,484 basehttp "GET /api/estaciones/ HTTP/1.1" 200 1884
INFO 2026-01-08 16:18:01,266 basehttp "GET /api/estaciones/3/espacios/ HTTP/1.1" 200 2080
INFO 2026-01-08 16:18:23,546 basehttp "POST /api/reservas/ HTTP/1.1" 201 27
INFO 2026-01-08 16:18:25,601 basehttp "GET /api/estaciones/ HTTP/1.1" 200 1884
INFO 2026-01-08 16:18:25,804 basehttp "GET /api/estaciones/11/espacios/ HTTP/1.1" 200 2101
INFO 2026-01-08 16:18:30,979 basehttp "GET /api/estaciones/3/espacios/ HTTP/1.1" 200 2078
INFO 2026-01-08 16:19:01,211 basehttp "POST /api/reservas/ HTTP/1.1" 201 27
INFO 2026-01-08 16:19:02,872 basehttp "GET /api/estaciones/ HTTP/1.1" 200 1884
INFO 2026-01-08 16:19:06,471 basehttp "GET /api/estaciones/3/espacios/ HTTP/1.1" 200 2076
INFO 2026-01-08 16:19:26,007 basehttp "GET /api/estaciones/5/espacios/ HTTP/1.1" 200 2086
INFO 2026-01-08 16:19:29,491 basehttp "POST /api/reservas/ HTTP/1.1" 201 27
INFO 2026-01-08 16:19:30,726 basehttp "GET /api/estaciones/ HTTP/1.1" 200 1884
INFO 2026-01-08 16:19:33,585 basehttp "GET /api/estaciones/5/espacios/ HTTP/1.1" 200 2084
INFO 2026-01-08 16:19:40,325 basehttp - Broken pipe from ('192.168.1.11', 49342)
INFO 2026-01-08 16:22:41,400 basehttp "GET /api/usuarios/me/ HTTP/1.1" 200 203
INFO 2026-01-08 16:22:41,410 basehttp "GET /api/estaciones/ HTTP/1.1" 200 1884
INFO 2026-01-08 16:22:46,407 basehttp "GET /api/estaciones/7/espacios/ HTTP/1.1" 200 2101
INFO 2026-01-08 16:22:54,706 basehttp "POST /api/reservas/ HTTP/1.1" 201 28
INFO 2026-01-08 16:23:15,489 basehttp "GET /api/estaciones/ HTTP/1.1" 200 1884
INFO 2026-01-08 16:23:17,432 basehttp "GET /api/estaciones/7/espacios/ HTTP/1.1" 200 2099
INFO 2026-01-08 16:23:29,310 basehttp "GET /api/estaciones/7/espacios/ HTTP/1.1" 200 2099
INFO 2026-01-08 16:23:32,817 basehttp "POST /api/reservas/ HTTP/1.1" 201 28
INFO 2026-01-08 16:23:39,148 basehttp "GET /api/estaciones/ HTTP/1.1" 200 1884
INFO 2026-01-08 16:23:43,167 basehttp "GET /api/estaciones/7/espacios/ HTTP/1.1" 200 2097
INFO 2026-01-08 16:23:46,460 basehttp - Broken pipe from ('192.168.1.11', 49353)
INFO 2026-01-08 16:24:21,958 basehttp "GET /api/estaciones/11/espacios/ HTTP/1.1" 200 2101
INFO 2026-01-08 16:24:28,977 basehttp "POST /api/reservas/ HTTP/1.1" 201 29
INFO 2026-01-08 16:24:39,875 basehttp - Broken pipe from ('192.168.1.11', 49360)
INFO 2026-01-08 16:29:28,441 autoreload /Users/catalinamarin/Desktop/bikemetro-fullstack/backend/api/serializers.py changed, reloading.
INFO 2026-01-08 16:29:28,991 autoreload Watching for file changes with StatReloader
INFO 2026-01-08 16:30:50,933 autoreload /Users/catalinamarin/Desktop/bikemetro-fullstack/backend/api/serializers.py changed, reloading.
INFO 2026-01-08 16:30:51,401 autoreload Watching for file changes with StatReloader
INFO 2026-01-08 16:31:09,086 autoreload Watching for file changes with StatReloader
INFO 2026-01-08 16:32:25,565 basehttp "GET /api/usuarios/me/ HTTP/1.1" 200 203
INFO 2026-01-08 16:32:25,587 basehttp "GET /api/estaciones/ HTTP/1.1" 200 1884
INFO 2026-01-08 16:32:30,705 basehttp "GET /api/estaciones/11/espacios/ HTTP/1.1" 200 2099
ERROR 2026-01-08 16:32:41,207 log Internal Server Error: /api/reservas/
Traceback (most recent call last):
  File "/Library/Frameworks/Python.framework/Versions/3.13/lib/python3.13/site-packages/django/db/backends/utils.py", line 89, in _execute
    return self.cursor.execute(sql, params)
           ~~~~~~~~~~~~~~~~~~~^^^^^^^^^^^^^
  File "/Library/Frameworks/Python.framework/Versions/3.13/lib/python3.13/site-packages/django/db/backends/sqlite3/base.py", line 328, in execute
    return super().execute(query, params)
           ~~~~~~~~~~~~~~~^^^^^^^^^^^^^^^
sqlite3.IntegrityError: NOT NULL constraint failed: reservas.fecha_expiracion_reserva

The above exception was the direct cause of the following exception:

Traceback (most recent call last):
  File "/Library/Frameworks/Python.framework/Versions/3.13/lib/python3.13/site-packages/django/core/handlers/exception.py", line 55, in inner
    response = get_response(request)
  File "/Library/Frameworks/Python.framework/Versions/3.13/lib/python3.13/site-packages/django/core/handlers/base.py", line 197, in _get_response
    response = wrapped_callback(request, *callback_args, **callback_kwargs)
  File "/Library/Frameworks/Python.framework/Versions/3.13/lib/python3.13/site-packages/django/views/decorators/csrf.py", line 56, in wrapper_view
    return view_func(*args, **kwargs)
  File "/Library/Frameworks/Python.framework/Versions/3.13/lib/python3.13/site-packages/rest_framework/viewsets.py", line 125, in view
    return self.dispatch(request, *args, **kwargs)
           ~~~~~~~~~~~~~^^^^^^^^^^^^^^^^^^^^^^^^^^
  File "/Library/Frameworks/Python.framework/Versions/3.13/lib/python3.13/site-packages/rest_framework/views.py", line 515, in dispatch
    response = self.handle_exception(exc)
  File "/Library/Frameworks/Python.framework/Versions/3.13/lib/python3.13/site-packages/rest_framework/views.py", line 475, in handle_exception
    self.raise_uncaught_exception(exc)
    ~~~~~~~~~~~~~~~~~~~~~~~~~~~~~^^^^^
  File "/Library/Frameworks/Python.framework/Versions/3.13/lib/python3.13/site-packages/rest_framework/views.py", line 486, in raise_uncaught_exception
    raise exc
  File "/Library/Frameworks/Python.framework/Versions/3.13/lib/python3.13/site-packages/rest_framework/views.py", line 512, in dispatch
    response = handler(request, *args, **kwargs)
  File "/Library/Frameworks/Python.framework/Versions/3.13/lib/python3.13/site-packages/rest_framework/mixins.py", line 19, in create
    self.perform_create(serializer)
    ~~~~~~~~~~~~~~~~~~~^^^^^^^^^^^^
  File "/Library/Frameworks/Python.framework/Versions/3.13/lib/python3.13/site-packages/rest_framework/mixins.py", line 24, in perform_create
    serializer.save()
    ~~~~~~~~~~~~~~~^^
  File "/Library/Frameworks/Python.framework/Versions/3.13/lib/python3.13/site-packages/rest_framework/serializers.py", line 210, in save
    self.instance = self.create(validated_data)
                    ~~~~~~~~~~~^^^^^^^^^^^^^^^^
  File "/Users/catalinamarin/Desktop/bikemetro-fullstack/backend/api/serializers.py", line 274, in create
    return super().create(validated_data)
           ~~~~~~~~~~~~~~^^^^^^^^^^^^^^^^
  File "/Library/Frameworks/Python.framework/Versions/3.13/lib/python3.13/site-packages/rest_framework/serializers.py", line 991, in create
    instance = ModelClass._default_manager.create(**validated_data)
  File "/Library/Frameworks/Python.framework/Versions/3.13/lib/python3.13/site-packages/django/db/models/manager.py", line 87, in manager_method
    return getattr(self.get_queryset(), name)(*args, **kwargs)
           ~~~~~~~~~~~~~~~~~~~~~~~~~~~~~~~~~~^^^^^^^^^^^^^^^^^
  File "/Library/Frameworks/Python.framework/Versions/3.13/lib/python3.13/site-packages/django/db/models/query.py", line 658, in create
    obj.save(force_insert=True, using=self.db)
    ~~~~~~~~^^^^^^^^^^^^^^^^^^^^^^^^^^^^^^^^^^
  File "/Library/Frameworks/Python.framework/Versions/3.13/lib/python3.13/site-packages/django/db/models/base.py", line 814, in save
    self.save_base(
    ~~~~~~~~~~~~~~^
        using=using,
        ^^^^^^^^^^^^
    ...<2 lines>...
        update_fields=update_fields,
        ^^^^^^^^^^^^^^^^^^^^^^^^^^^^
    )
    ^
  File "/Library/Frameworks/Python.framework/Versions/3.13/lib/python3.13/site-packages/django/db/models/base.py", line 877, in save_base
    updated = self._save_table(
        raw,
    ...<4 lines>...
        update_fields,
    )
  File "/Library/Frameworks/Python.framework/Versions/3.13/lib/python3.13/site-packages/django/db/models/base.py", line 1020, in _save_table
    results = self._do_insert(
        cls._base_manager, using, fields, returning_fields, raw
    )
  File "/Library/Frameworks/Python.framework/Versions/3.13/lib/python3.13/site-packages/django/db/models/base.py", line 1061, in _do_insert
    return manager._insert(
           ~~~~~~~~~~~~~~~^
        [self],
        ^^^^^^^
    ...<3 lines>...
        raw=raw,
        ^^^^^^^^
    )
    ^
  File "/Library/Frameworks/Python.framework/Versions/3.13/lib/python3.13/site-packages/django/db/models/manager.py", line 87, in manager_method
    return getattr(self.get_queryset(), name)(*args, **kwargs)
           ~~~~~~~~~~~~~~~~~~~~~~~~~~~~~~~~~~^^^^^^^^^^^^^^^^^
  File "/Library/Frameworks/Python.framework/Versions/3.13/lib/python3.13/site-packages/django/db/models/query.py", line 1805, in _insert
    return query.get_compiler(using=using).execute_sql(returning_fields)
           ~~~~~~~~~~~~~~~~~~~~~~~~~~~~~~~~~~~~~~~~~~~^^^^^^^^^^^^^^^^^^
  File "/Library/Frameworks/Python.framework/Versions/3.13/lib/python3.13/site-packages/django/db/models/sql/compiler.py", line 1820, in execute_sql
    cursor.execute(sql, params)
    ~~~~~~~~~~~~~~^^^^^^^^^^^^^
  File "/Library/Frameworks/Python.framework/Versions/3.13/lib/python3.13/site-packages/django/db/backends/utils.py", line 102, in execute
    return super().execute(sql, params)
           ~~~~~~~~~~~~~~~^^^^^^^^^^^^^
  File "/Library/Frameworks/Python.framework/Versions/3.13/lib/python3.13/site-packages/django/db/backends/utils.py", line 67, in execute
    return self._execute_with_wrappers(
           ~~~~~~~~~~~~~~~~~~~~~~~~~~~^
        sql, params, many=False, executor=self._execute
        ^^^^^^^^^^^^^^^^^^^^^^^^^^^^^^^^^^^^^^^^^^^^^^^
    )
    ^
  File "/Library/Frameworks/Python.framework/Versions/3.13/lib/python3.13/site-packages/django/db/backends/utils.py", line 80, in _execute_with_wrappers
    return executor(sql, params, many, context)
  File "/Library/Frameworks/Python.framework/Versions/3.13/lib/python3.13/site-packages/django/db/backends/utils.py", line 84, in _execute
    with self.db.wrap_database_errors:
         ^^^^^^^^^^^^^^^^^^^^^^^^^^^^
  File "/Library/Frameworks/Python.framework/Versions/3.13/lib/python3.13/site-packages/django/db/utils.py", line 91, in __exit__
    raise dj_exc_value.with_traceback(traceback) from exc_value
  File "/Library/Frameworks/Python.framework/Versions/3.13/lib/python3.13/site-packages/django/db/backends/utils.py", line 89, in _execute
    return self.cursor.execute(sql, params)
           ~~~~~~~~~~~~~~~~~~~^^^^^^^^^^^^^
  File "/Library/Frameworks/Python.framework/Versions/3.13/lib/python3.13/site-packages/django/db/backends/sqlite3/base.py", line 328, in execute
    return super().execute(query, params)
           ~~~~~~~~~~~~~~~^^^^^^^^^^^^^^^
django.db.utils.IntegrityError: NOT NULL constraint failed: reservas.fecha_expiracion_reserva
ERROR 2026-01-08 16:32:41,256 basehttp "POST /api/reservas/ HTTP/1.1" 500 217705
ERROR 2026-01-08 16:32:59,532 log Internal Server Error: /api/reservas/
Traceback (most recent call last):
  File "/Library/Frameworks/Python.framework/Versions/3.13/lib/python3.13/site-packages/django/db/backends/utils.py", line 89, in _execute
    return self.cursor.execute(sql, params)
           ~~~~~~~~~~~~~~~~~~~^^^^^^^^^^^^^
  File "/Library/Frameworks/Python.framework/Versions/3.13/lib/python3.13/site-packages/django/db/backends/sqlite3/base.py", line 328, in execute
    return super().execute(query, params)
           ~~~~~~~~~~~~~~~^^^^^^^^^^^^^^^
sqlite3.IntegrityError: NOT NULL constraint failed: reservas.fecha_expiracion_reserva

The above exception was the direct cause of the following exception:

Traceback (most recent call last):
  File "/Library/Frameworks/Python.framework/Versions/3.13/lib/python3.13/site-packages/django/core/handlers/exception.py", line 55, in inner
    response = get_response(request)
  File "/Library/Frameworks/Python.framework/Versions/3.13/lib/python3.13/site-packages/django/core/handlers/base.py", line 197, in _get_response
    response = wrapped_callback(request, *callback_args, **callback_kwargs)
  File "/Library/Frameworks/Python.framework/Versions/3.13/lib/python3.13/site-packages/django/views/decorators/csrf.py", line 56, in wrapper_view
    return view_func(*args, **kwargs)
  File "/Library/Frameworks/Python.framework/Versions/3.13/lib/python3.13/site-packages/rest_framework/viewsets.py", line 125, in view
    return self.dispatch(request, *args, **kwargs)
           ~~~~~~~~~~~~~^^^^^^^^^^^^^^^^^^^^^^^^^^
  File "/Library/Frameworks/Python.framework/Versions/3.13/lib/python3.13/site-packages/rest_framework/views.py", line 515, in dispatch
    response = self.handle_exception(exc)
  File "/Library/Frameworks/Python.framework/Versions/3.13/lib/python3.13/site-packages/rest_framework/views.py", line 475, in handle_exception
    self.raise_uncaught_exception(exc)
    ~~~~~~~~~~~~~~~~~~~~~~~~~~~~~^^^^^
  File "/Library/Frameworks/Python.framework/Versions/3.13/lib/python3.13/site-packages/rest_framework/views.py", line 486, in raise_uncaught_exception
    raise exc
  File "/Library/Frameworks/Python.framework/Versions/3.13/lib/python3.13/site-packages/rest_framework/views.py", line 512, in dispatch
    response = handler(request, *args, **kwargs)
  File "/Library/Frameworks/Python.framework/Versions/3.13/lib/python3.13/site-packages/rest_framework/mixins.py", line 19, in create
    self.perform_create(serializer)
    ~~~~~~~~~~~~~~~~~~~^^^^^^^^^^^^
  File "/Library/Frameworks/Python.framework/Versions/3.13/lib/python3.13/site-packages/rest_framework/mixins.py", line 24, in perform_create
    serializer.save()
    ~~~~~~~~~~~~~~~^^
  File "/Library/Frameworks/Python.framework/Versions/3.13/lib/python3.13/site-packages/rest_framework/serializers.py", line 210, in save
    self.instance = self.create(validated_data)
                    ~~~~~~~~~~~^^^^^^^^^^^^^^^^
  File "/Users/catalinamarin/Desktop/bikemetro-fullstack/backend/api/serializers.py", line 274, in create
    return super().create(validated_data)
           ~~~~~~~~~~~~~~^^^^^^^^^^^^^^^^
  File "/Library/Frameworks/Python.framework/Versions/3.13/lib/python3.13/site-packages/rest_framework/serializers.py", line 991, in create
    instance = ModelClass._default_manager.create(**validated_data)
  File "/Library/Frameworks/Python.framework/Versions/3.13/lib/python3.13/site-packages/django/db/models/manager.py", line 87, in manager_method
    return getattr(self.get_queryset(), name)(*args, **kwargs)
           ~~~~~~~~~~~~~~~~~~~~~~~~~~~~~~~~~~^^^^^^^^^^^^^^^^^
  File "/Library/Frameworks/Python.framework/Versions/3.13/lib/python3.13/site-packages/django/db/models/query.py", line 658, in create
    obj.save(force_insert=True, using=self.db)
    ~~~~~~~~^^^^^^^^^^^^^^^^^^^^^^^^^^^^^^^^^^
  File "/Library/Frameworks/Python.framework/Versions/3.13/lib/python3.13/site-packages/django/db/models/base.py", line 814, in save
    self.save_base(
    ~~~~~~~~~~~~~~^
        using=using,
        ^^^^^^^^^^^^
    ...<2 lines>...
        update_fields=update_fields,
        ^^^^^^^^^^^^^^^^^^^^^^^^^^^^
    )
    ^
  File "/Library/Frameworks/Python.framework/Versions/3.13/lib/python3.13/site-packages/django/db/models/base.py", line 877, in save_base
    updated = self._save_table(
        raw,
    ...<4 lines>...
        update_fields,
    )
  File "/Library/Frameworks/Python.framework/Versions/3.13/lib/python3.13/site-packages/django/db/models/base.py", line 1020, in _save_table
    results = self._do_insert(
        cls._base_manager, using, fields, returning_fields, raw
    )
  File "/Library/Frameworks/Python.framework/Versions/3.13/lib/python3.13/site-packages/django/db/models/base.py", line 1061, in _do_insert
    return manager._insert(
           ~~~~~~~~~~~~~~~^
        [self],
        ^^^^^^^
    ...<3 lines>...
        raw=raw,
        ^^^^^^^^
    )
    ^
  File "/Library/Frameworks/Python.framework/Versions/3.13/lib/python3.13/site-packages/django/db/models/manager.py", line 87, in manager_method
    return getattr(self.get_queryset(), name)(*args, **kwargs)
           ~~~~~~~~~~~~~~~~~~~~~~~~~~~~~~~~~~^^^^^^^^^^^^^^^^^
  File "/Library/Frameworks/Python.framework/Versions/3.13/lib/python3.13/site-packages/django/db/models/query.py", line 1805, in _insert
    return query.get_compiler(using=using).execute_sql(returning_fields)
           ~~~~~~~~~~~~~~~~~~~~~~~~~~~~~~~~~~~~~~~~~~~^^^^^^^^^^^^^^^^^^
  File "/Library/Frameworks/Python.framework/Versions/3.13/lib/python3.13/site-packages/django/db/models/sql/compiler.py", line 1820, in execute_sql
    cursor.execute(sql, params)
    ~~~~~~~~~~~~~~^^^^^^^^^^^^^
  File "/Library/Frameworks/Python.framework/Versions/3.13/lib/python3.13/site-packages/django/db/backends/utils.py", line 102, in execute
    return super().execute(sql, params)
           ~~~~~~~~~~~~~~~^^^^^^^^^^^^^
  File "/Library/Frameworks/Python.framework/Versions/3.13/lib/python3.13/site-packages/django/db/backends/utils.py", line 67, in execute
    return self._execute_with_wrappers(
           ~~~~~~~~~~~~~~~~~~~~~~~~~~~^
        sql, params, many=False, executor=self._execute
        ^^^^^^^^^^^^^^^^^^^^^^^^^^^^^^^^^^^^^^^^^^^^^^^
    )
    ^
  File "/Library/Frameworks/Python.framework/Versions/3.13/lib/python3.13/site-packages/django/db/backends/utils.py", line 80, in _execute_with_wrappers
    return executor(sql, params, many, context)
  File "/Library/Frameworks/Python.framework/Versions/3.13/lib/python3.13/site-packages/django/db/backends/utils.py", line 84, in _execute
    with self.db.wrap_database_errors:
         ^^^^^^^^^^^^^^^^^^^^^^^^^^^^
  File "/Library/Frameworks/Python.framework/Versions/3.13/lib/python3.13/site-packages/django/db/utils.py", line 91, in __exit__
    raise dj_exc_value.with_traceback(traceback) from exc_value
  File "/Library/Frameworks/Python.framework/Versions/3.13/lib/python3.13/site-packages/django/db/backends/utils.py", line 89, in _execute
    return self.cursor.execute(sql, params)
           ~~~~~~~~~~~~~~~~~~~^^^^^^^^^^^^^
  File "/Library/Frameworks/Python.framework/Versions/3.13/lib/python3.13/site-packages/django/db/backends/sqlite3/base.py", line 328, in execute
    return super().execute(query, params)
           ~~~~~~~~~~~~~~~^^^^^^^^^^^^^^^
django.db.utils.IntegrityError: NOT NULL constraint failed: reservas.fecha_expiracion_reserva
ERROR 2026-01-08 16:32:59,547 basehttp "POST /api/reservas/ HTTP/1.1" 500 217705
INFO 2026-01-08 16:33:13,514 basehttp - Broken pipe from ('192.168.1.11', 49399)
INFO 2026-01-08 16:38:21,813 autoreload /Users/catalinamarin/Desktop/bikemetro-fullstack/backend/api/models.py changed, reloading.
INFO 2026-01-08 16:38:22,382 autoreload Watching for file changes with StatReloader
INFO 2026-01-08 16:38:39,401 autoreload Watching for file changes with StatReloader
INFO 2026-01-08 16:39:09,171 basehttp "GET /api/usuarios/me/ HTTP/1.1" 200 203
INFO 2026-01-08 16:39:09,181 basehttp "GET /api/estaciones/ HTTP/1.1" 200 1884
INFO 2026-01-08 16:39:11,318 basehttp "GET /api/estaciones/7/espacios/ HTTP/1.1" 200 2097
ERROR 2026-01-08 16:39:19,871 log Internal Server Error: /api/reservas/
Traceback (most recent call last):
  File "/Library/Frameworks/Python.framework/Versions/3.13/lib/python3.13/site-packages/django/db/backends/utils.py", line 89, in _execute
    return self.cursor.execute(sql, params)
           ~~~~~~~~~~~~~~~~~~~^^^^^^^^^^^^^
  File "/Library/Frameworks/Python.framework/Versions/3.13/lib/python3.13/site-packages/django/db/backends/sqlite3/base.py", line 328, in execute
    return super().execute(query, params)
           ~~~~~~~~~~~~~~~^^^^^^^^^^^^^^^
sqlite3.IntegrityError: NOT NULL constraint failed: reservas.fecha_expiracion_reserva

The above exception was the direct cause of the following exception:

Traceback (most recent call last):
  File "/Library/Frameworks/Python.framework/Versions/3.13/lib/python3.13/site-packages/django/core/handlers/exception.py", line 55, in inner
    response = get_response(request)
  File "/Library/Frameworks/Python.framework/Versions/3.13/lib/python3.13/site-packages/django/core/handlers/base.py", line 197, in _get_response
    response = wrapped_callback(request, *callback_args, **callback_kwargs)
  File "/Library/Frameworks/Python.framework/Versions/3.13/lib/python3.13/site-packages/django/views/decorators/csrf.py", line 56, in wrapper_view
    return view_func(*args, **kwargs)
  File "/Library/Frameworks/Python.framework/Versions/3.13/lib/python3.13/site-packages/rest_framework/viewsets.py", line 125, in view
    return self.dispatch(request, *args, **kwargs)
           ~~~~~~~~~~~~~^^^^^^^^^^^^^^^^^^^^^^^^^^
  File "/Library/Frameworks/Python.framework/Versions/3.13/lib/python3.13/site-packages/rest_framework/views.py", line 515, in dispatch
    response = self.handle_exception(exc)
  File "/Library/Frameworks/Python.framework/Versions/3.13/lib/python3.13/site-packages/rest_framework/views.py", line 475, in handle_exception
    self.raise_uncaught_exception(exc)
    ~~~~~~~~~~~~~~~~~~~~~~~~~~~~~^^^^^
  File "/Library/Frameworks/Python.framework/Versions/3.13/lib/python3.13/site-packages/rest_framework/views.py", line 486, in raise_uncaught_exception
    raise exc
  File "/Library/Frameworks/Python.framework/Versions/3.13/lib/python3.13/site-packages/rest_framework/views.py", line 512, in dispatch
    response = handler(request, *args, **kwargs)
  File "/Library/Frameworks/Python.framework/Versions/3.13/lib/python3.13/site-packages/rest_framework/mixins.py", line 19, in create
    self.perform_create(serializer)
    ~~~~~~~~~~~~~~~~~~~^^^^^^^^^^^^
  File "/Library/Frameworks/Python.framework/Versions/3.13/lib/python3.13/site-packages/rest_framework/mixins.py", line 24, in perform_create
    serializer.save()
    ~~~~~~~~~~~~~~~^^
  File "/Library/Frameworks/Python.framework/Versions/3.13/lib/python3.13/site-packages/rest_framework/serializers.py", line 210, in save
    self.instance = self.create(validated_data)
                    ~~~~~~~~~~~^^^^^^^^^^^^^^^^
  File "/Users/catalinamarin/Desktop/bikemetro-fullstack/backend/api/serializers.py", line 274, in create
    return super().create(validated_data)
           ~~~~~~~~~~~~~~^^^^^^^^^^^^^^^^
  File "/Library/Frameworks/Python.framework/Versions/3.13/lib/python3.13/site-packages/rest_framework/serializers.py", line 991, in create
    instance = ModelClass._default_manager.create(**validated_data)
  File "/Library/Frameworks/Python.framework/Versions/3.13/lib/python3.13/site-packages/django/db/models/manager.py", line 87, in manager_method
    return getattr(self.get_queryset(), name)(*args, **kwargs)
           ~~~~~~~~~~~~~~~~~~~~~~~~~~~~~~~~~~^^^^^^^^^^^^^^^^^
  File "/Library/Frameworks/Python.framework/Versions/3.13/lib/python3.13/site-packages/django/db/models/query.py", line 658, in create
    obj.save(force_insert=True, using=self.db)
    ~~~~~~~~^^^^^^^^^^^^^^^^^^^^^^^^^^^^^^^^^^
  File "/Users/catalinamarin/Desktop/bikemetro-fullstack/backend/api/models.py", line 318, in save
    super().save(*args, **kwargs)
    ~~~~~~~~~~~~^^^^^^^^^^^^^^^^^
  File "/Library/Frameworks/Python.framework/Versions/3.13/lib/python3.13/site-packages/django/db/models/base.py", line 814, in save
    self.save_base(
    ~~~~~~~~~~~~~~^
        using=using,
        ^^^^^^^^^^^^
    ...<2 lines>...
        update_fields=update_fields,
        ^^^^^^^^^^^^^^^^^^^^^^^^^^^^
    )
    ^
  File "/Library/Frameworks/Python.framework/Versions/3.13/lib/python3.13/site-packages/django/db/models/base.py", line 877, in save_base
    updated = self._save_table(
        raw,
    ...<4 lines>...
        update_fields,
    )
  File "/Library/Frameworks/Python.framework/Versions/3.13/lib/python3.13/site-packages/django/db/models/base.py", line 1020, in _save_table
    results = self._do_insert(
        cls._base_manager, using, fields, returning_fields, raw
    )
  File "/Library/Frameworks/Python.framework/Versions/3.13/lib/python3.13/site-packages/django/db/models/base.py", line 1061, in _do_insert
    return manager._insert(
           ~~~~~~~~~~~~~~~^
        [self],
        ^^^^^^^
    ...<3 lines>...
        raw=raw,
        ^^^^^^^^
    )
    ^
  File "/Library/Frameworks/Python.framework/Versions/3.13/lib/python3.13/site-packages/django/db/models/manager.py", line 87, in manager_method
    return getattr(self.get_queryset(), name)(*args, **kwargs)
           ~~~~~~~~~~~~~~~~~~~~~~~~~~~~~~~~~~^^^^^^^^^^^^^^^^^
  File "/Library/Frameworks/Python.framework/Versions/3.13/lib/python3.13/site-packages/django/db/models/query.py", line 1805, in _insert
    return query.get_compiler(using=using).execute_sql(returning_fields)
           ~~~~~~~~~~~~~~~~~~~~~~~~~~~~~~~~~~~~~~~~~~~^^^^^^^^^^^^^^^^^^
  File "/Library/Frameworks/Python.framework/Versions/3.13/lib/python3.13/site-packages/django/db/models/sql/compiler.py", line 1820, in execute_sql
    cursor.execute(sql, params)
    ~~~~~~~~~~~~~~^^^^^^^^^^^^^
  File "/Library/Frameworks/Python.framework/Versions/3.13/lib/python3.13/site-packages/django/db/backends/utils.py", line 102, in execute
    return super().execute(sql, params)
           ~~~~~~~~~~~~~~~^^^^^^^^^^^^^
  File "/Library/Frameworks/Python.framework/Versions/3.13/lib/python3.13/site-packages/django/db/backends/utils.py", line 67, in execute
    return self._execute_with_wrappers(
           ~~~~~~~~~~~~~~~~~~~~~~~~~~~^
        sql, params, many=False, executor=self._execute
        ^^^^^^^^^^^^^^^^^^^^^^^^^^^^^^^^^^^^^^^^^^^^^^^
    )
    ^
  File "/Library/Frameworks/Python.framework/Versions/3.13/lib/python3.13/site-packages/django/db/backends/utils.py", line 80, in _execute_with_wrappers
    return executor(sql, params, many, context)
  File "/Library/Frameworks/Python.framework/Versions/3.13/lib/python3.13/site-packages/django/db/backends/utils.py", line 84, in _execute
    with self.db.wrap_database_errors:
         ^^^^^^^^^^^^^^^^^^^^^^^^^^^^
  File "/Library/Frameworks/Python.framework/Versions/3.13/lib/python3.13/site-packages/django/db/utils.py", line 91, in __exit__
    raise dj_exc_value.with_traceback(traceback) from exc_value
  File "/Library/Frameworks/Python.framework/Versions/3.13/lib/python3.13/site-packages/django/db/backends/utils.py", line 89, in _execute
    return self.cursor.execute(sql, params)
           ~~~~~~~~~~~~~~~~~~~^^^^^^^^^^^^^
  File "/Library/Frameworks/Python.framework/Versions/3.13/lib/python3.13/site-packages/django/db/backends/sqlite3/base.py", line 328, in execute
    return super().execute(query, params)
           ~~~~~~~~~~~~~~~^^^^^^^^^^^^^^^
django.db.utils.IntegrityError: NOT NULL constraint failed: reservas.fecha_expiracion_reserva
ERROR 2026-01-08 16:39:19,904 basehttp "POST /api/reservas/ HTTP/1.1" 500 222325
INFO 2026-01-08 16:40:12,565 autoreload Watching for file changes with StatReloader
INFO 2026-01-08 16:40:22,987 basehttp "GET /api/usuarios/me/ HTTP/1.1" 200 203
INFO 2026-01-08 16:40:22,997 basehttp "GET /api/estaciones/ HTTP/1.1" 200 1884
INFO 2026-01-08 16:40:25,751 basehttp "GET /api/estaciones/11/espacios/ HTTP/1.1" 200 2099
ERROR 2026-01-08 16:40:29,911 log Internal Server Error: /api/reservas/
Traceback (most recent call last):
  File "/Library/Frameworks/Python.framework/Versions/3.13/lib/python3.13/site-packages/django/db/backends/utils.py", line 89, in _execute
    return self.cursor.execute(sql, params)
           ~~~~~~~~~~~~~~~~~~~^^^^^^^^^^^^^
  File "/Library/Frameworks/Python.framework/Versions/3.13/lib/python3.13/site-packages/django/db/backends/sqlite3/base.py", line 328, in execute
    return super().execute(query, params)
           ~~~~~~~~~~~~~~~^^^^^^^^^^^^^^^
sqlite3.IntegrityError: NOT NULL constraint failed: reservas.fecha_expiracion_reserva

The above exception was the direct cause of the following exception:

Traceback (most recent call last):
  File "/Library/Frameworks/Python.framework/Versions/3.13/lib/python3.13/site-packages/django/core/handlers/exception.py", line 55, in inner
    response = get_response(request)
  File "/Library/Frameworks/Python.framework/Versions/3.13/lib/python3.13/site-packages/django/core/handlers/base.py", line 197, in _get_response
    response = wrapped_callback(request, *callback_args, **callback_kwargs)
  File "/Library/Frameworks/Python.framework/Versions/3.13/lib/python3.13/site-packages/django/views/decorators/csrf.py", line 56, in wrapper_view
    return view_func(*args, **kwargs)
  File "/Library/Frameworks/Python.framework/Versions/3.13/lib/python3.13/site-packages/rest_framework/viewsets.py", line 125, in view
    return self.dispatch(request, *args, **kwargs)
           ~~~~~~~~~~~~~^^^^^^^^^^^^^^^^^^^^^^^^^^
  File "/Library/Frameworks/Python.framework/Versions/3.13/lib/python3.13/site-packages/rest_framework/views.py", line 515, in dispatch
    response = self.handle_exception(exc)
  File "/Library/Frameworks/Python.framework/Versions/3.13/lib/python3.13/site-packages/rest_framework/views.py", line 475, in handle_exception
    self.raise_uncaught_exception(exc)
    ~~~~~~~~~~~~~~~~~~~~~~~~~~~~~^^^^^
  File "/Library/Frameworks/Python.framework/Versions/3.13/lib/python3.13/site-packages/rest_framework/views.py", line 486, in raise_uncaught_exception
    raise exc
  File "/Library/Frameworks/Python.framework/Versions/3.13/lib/python3.13/site-packages/rest_framework/views.py", line 512, in dispatch
    response = handler(request, *args, **kwargs)
  File "/Library/Frameworks/Python.framework/Versions/3.13/lib/python3.13/site-packages/rest_framework/mixins.py", line 19, in create
    self.perform_create(serializer)
    ~~~~~~~~~~~~~~~~~~~^^^^^^^^^^^^
  File "/Library/Frameworks/Python.framework/Versions/3.13/lib/python3.13/site-packages/rest_framework/mixins.py", line 24, in perform_create
    serializer.save()
    ~~~~~~~~~~~~~~~^^
  File "/Library/Frameworks/Python.framework/Versions/3.13/lib/python3.13/site-packages/rest_framework/serializers.py", line 210, in save
    self.instance = self.create(validated_data)
                    ~~~~~~~~~~~^^^^^^^^^^^^^^^^
  File "/Users/catalinamarin/Desktop/bikemetro-fullstack/backend/api/serializers.py", line 274, in create
    return super().create(validated_data)
           ~~~~~~~~~~~~~~^^^^^^^^^^^^^^^^
  File "/Library/Frameworks/Python.framework/Versions/3.13/lib/python3.13/site-packages/rest_framework/serializers.py", line 991, in create
    instance = ModelClass._default_manager.create(**validated_data)
  File "/Library/Frameworks/Python.framework/Versions/3.13/lib/python3.13/site-packages/django/db/models/manager.py", line 87, in manager_method
    return getattr(self.get_queryset(), name)(*args, **kwargs)
           ~~~~~~~~~~~~~~~~~~~~~~~~~~~~~~~~~~^^^^^^^^^^^^^^^^^
  File "/Library/Frameworks/Python.framework/Versions/3.13/lib/python3.13/site-packages/django/db/models/query.py", line 658, in create
    obj.save(force_insert=True, using=self.db)
    ~~~~~~~~^^^^^^^^^^^^^^^^^^^^^^^^^^^^^^^^^^
  File "/Users/catalinamarin/Desktop/bikemetro-fullstack/backend/api/models.py", line 318, in save
    super().save(*args, **kwargs)
    ~~~~~~~~~~~~^^^^^^^^^^^^^^^^^
  File "/Library/Frameworks/Python.framework/Versions/3.13/lib/python3.13/site-packages/django/db/models/base.py", line 814, in save
    self.save_base(
    ~~~~~~~~~~~~~~^
        using=using,
        ^^^^^^^^^^^^
    ...<2 lines>...
        update_fields=update_fields,
        ^^^^^^^^^^^^^^^^^^^^^^^^^^^^
    )
    ^
  File "/Library/Frameworks/Python.framework/Versions/3.13/lib/python3.13/site-packages/django/db/models/base.py", line 877, in save_base
    updated = self._save_table(
        raw,
    ...<4 lines>...
        update_fields,
    )
  File "/Library/Frameworks/Python.framework/Versions/3.13/lib/python3.13/site-packages/django/db/models/base.py", line 1020, in _save_table
    results = self._do_insert(
        cls._base_manager, using, fields, returning_fields, raw
    )
  File "/Library/Frameworks/Python.framework/Versions/3.13/lib/python3.13/site-packages/django/db/models/base.py", line 1061, in _do_insert
    return manager._insert(
           ~~~~~~~~~~~~~~~^
        [self],
        ^^^^^^^
    ...<3 lines>...
        raw=raw,
        ^^^^^^^^
    )
    ^
  File "/Library/Frameworks/Python.framework/Versions/3.13/lib/python3.13/site-packages/django/db/models/manager.py", line 87, in manager_method
    return getattr(self.get_queryset(), name)(*args, **kwargs)
           ~~~~~~~~~~~~~~~~~~~~~~~~~~~~~~~~~~^^^^^^^^^^^^^^^^^
  File "/Library/Frameworks/Python.framework/Versions/3.13/lib/python3.13/site-packages/django/db/models/query.py", line 1805, in _insert
    return query.get_compiler(using=using).execute_sql(returning_fields)
           ~~~~~~~~~~~~~~~~~~~~~~~~~~~~~~~~~~~~~~~~~~~^^^^^^^^^^^^^^^^^^
  File "/Library/Frameworks/Python.framework/Versions/3.13/lib/python3.13/site-packages/django/db/models/sql/compiler.py", line 1820, in execute_sql
    cursor.execute(sql, params)
    ~~~~~~~~~~~~~~^^^^^^^^^^^^^
  File "/Library/Frameworks/Python.framework/Versions/3.13/lib/python3.13/site-packages/django/db/backends/utils.py", line 102, in execute
    return super().execute(sql, params)
           ~~~~~~~~~~~~~~~^^^^^^^^^^^^^
  File "/Library/Frameworks/Python.framework/Versions/3.13/lib/python3.13/site-packages/django/db/backends/utils.py", line 67, in execute
    return self._execute_with_wrappers(
           ~~~~~~~~~~~~~~~~~~~~~~~~~~~^
        sql, params, many=False, executor=self._execute
        ^^^^^^^^^^^^^^^^^^^^^^^^^^^^^^^^^^^^^^^^^^^^^^^
    )
    ^
  File "/Library/Frameworks/Python.framework/Versions/3.13/lib/python3.13/site-packages/django/db/backends/utils.py", line 80, in _execute_with_wrappers
    return executor(sql, params, many, context)
  File "/Library/Frameworks/Python.framework/Versions/3.13/lib/python3.13/site-packages/django/db/backends/utils.py", line 84, in _execute
    with self.db.wrap_database_errors:
         ^^^^^^^^^^^^^^^^^^^^^^^^^^^^
  File "/Library/Frameworks/Python.framework/Versions/3.13/lib/python3.13/site-packages/django/db/utils.py", line 91, in __exit__
    raise dj_exc_value.with_traceback(traceback) from exc_value
  File "/Library/Frameworks/Python.framework/Versions/3.13/lib/python3.13/site-packages/django/db/backends/utils.py", line 89, in _execute
    return self.cursor.execute(sql, params)
           ~~~~~~~~~~~~~~~~~~~^^^^^^^^^^^^^
  File "/Library/Frameworks/Python.framework/Versions/3.13/lib/python3.13/site-packages/django/db/backends/sqlite3/base.py", line 328, in execute
    return super().execute(query, params)
           ~~~~~~~~~~~~~~~^^^^^^^^^^^^^^^
django.db.utils.IntegrityError: NOT NULL constraint failed: reservas.fecha_expiracion_reserva
ERROR 2026-01-08 16:40:29,967 basehttp "POST /api/reservas/ HTTP/1.1" 500 222379
INFO 2026-01-08 16:42:52,843 autoreload /Users/catalinamarin/Desktop/bikemetro-fullstack/backend/api/serializers.py changed, reloading.
INFO 2026-01-08 16:42:53,333 autoreload Watching for file changes with StatReloader
INFO 2026-01-08 16:43:08,192 autoreload Watching for file changes with StatReloader
INFO 2026-01-08 16:43:16,787 basehttp "GET /api/usuarios/me/ HTTP/1.1" 200 203
INFO 2026-01-08 16:43:16,798 basehttp "GET /api/estaciones/ HTTP/1.1" 200 1884
INFO 2026-01-08 16:43:19,128 basehttp "GET /api/estaciones/7/espacios/ HTTP/1.1" 200 2097
ERROR 2026-01-08 16:43:22,463 log Internal Server Error: /api/reservas/
Traceback (most recent call last):
  File "/Library/Frameworks/Python.framework/Versions/3.13/lib/python3.13/site-packages/django/db/backends/utils.py", line 89, in _execute
    return self.cursor.execute(sql, params)
           ~~~~~~~~~~~~~~~~~~~^^^^^^^^^^^^^
  File "/Library/Frameworks/Python.framework/Versions/3.13/lib/python3.13/site-packages/django/db/backends/sqlite3/base.py", line 328, in execute
    return super().execute(query, params)
           ~~~~~~~~~~~~~~~^^^^^^^^^^^^^^^
sqlite3.IntegrityError: NOT NULL constraint failed: reservas.fecha_expiracion_reserva

The above exception was the direct cause of the following exception:

Traceback (most recent call last):
  File "/Library/Frameworks/Python.framework/Versions/3.13/lib/python3.13/site-packages/django/core/handlers/exception.py", line 55, in inner
    response = get_response(request)
  File "/Library/Frameworks/Python.framework/Versions/3.13/lib/python3.13/site-packages/django/core/handlers/base.py", line 197, in _get_response
    response = wrapped_callback(request, *callback_args, **callback_kwargs)
  File "/Library/Frameworks/Python.framework/Versions/3.13/lib/python3.13/site-packages/django/views/decorators/csrf.py", line 56, in wrapper_view
    return view_func(*args, **kwargs)
  File "/Library/Frameworks/Python.framework/Versions/3.13/lib/python3.13/site-packages/rest_framework/viewsets.py", line 125, in view
    return self.dispatch(request, *args, **kwargs)
           ~~~~~~~~~~~~~^^^^^^^^^^^^^^^^^^^^^^^^^^
  File "/Library/Frameworks/Python.framework/Versions/3.13/lib/python3.13/site-packages/rest_framework/views.py", line 515, in dispatch
    response = self.handle_exception(exc)
  File "/Library/Frameworks/Python.framework/Versions/3.13/lib/python3.13/site-packages/rest_framework/views.py", line 475, in handle_exception
    self.raise_uncaught_exception(exc)
    ~~~~~~~~~~~~~~~~~~~~~~~~~~~~~^^^^^
  File "/Library/Frameworks/Python.framework/Versions/3.13/lib/python3.13/site-packages/rest_framework/views.py", line 486, in raise_uncaught_exception
    raise exc
  File "/Library/Frameworks/Python.framework/Versions/3.13/lib/python3.13/site-packages/rest_framework/views.py", line 512, in dispatch
    response = handler(request, *args, **kwargs)
  File "/Library/Frameworks/Python.framework/Versions/3.13/lib/python3.13/site-packages/rest_framework/mixins.py", line 19, in create
    self.perform_create(serializer)
    ~~~~~~~~~~~~~~~~~~~^^^^^^^^^^^^
  File "/Library/Frameworks/Python.framework/Versions/3.13/lib/python3.13/site-packages/rest_framework/mixins.py", line 24, in perform_create
    serializer.save()
    ~~~~~~~~~~~~~~~^^
  File "/Library/Frameworks/Python.framework/Versions/3.13/lib/python3.13/site-packages/rest_framework/serializers.py", line 210, in save
    self.instance = self.create(validated_data)
                    ~~~~~~~~~~~^^^^^^^^^^^^^^^^
  File "/Users/catalinamarin/Desktop/bikemetro-fullstack/backend/api/serializers.py", line 302, in create
    reserva.save()
    ~~~~~~~~~~~~^^
  File "/Users/catalinamarin/Desktop/bikemetro-fullstack/backend/api/models.py", line 318, in save
    super().save(*args, **kwargs)
    ~~~~~~~~~~~~^^^^^^^^^^^^^^^^^
  File "/Library/Frameworks/Python.framework/Versions/3.13/lib/python3.13/site-packages/django/db/models/base.py", line 814, in save
    self.save_base(
    ~~~~~~~~~~~~~~^
        using=using,
        ^^^^^^^^^^^^
    ...<2 lines>...
        update_fields=update_fields,
        ^^^^^^^^^^^^^^^^^^^^^^^^^^^^
    )
    ^
  File "/Library/Frameworks/Python.framework/Versions/3.13/lib/python3.13/site-packages/django/db/models/base.py", line 877, in save_base
    updated = self._save_table(
        raw,
    ...<4 lines>...
        update_fields,
    )
  File "/Library/Frameworks/Python.framework/Versions/3.13/lib/python3.13/site-packages/django/db/models/base.py", line 1020, in _save_table
    results = self._do_insert(
        cls._base_manager, using, fields, returning_fields, raw
    )
  File "/Library/Frameworks/Python.framework/Versions/3.13/lib/python3.13/site-packages/django/db/models/base.py", line 1061, in _do_insert
    return manager._insert(
           ~~~~~~~~~~~~~~~^
        [self],
        ^^^^^^^
    ...<3 lines>...
        raw=raw,
        ^^^^^^^^
    )
    ^
  File "/Library/Frameworks/Python.framework/Versions/3.13/lib/python3.13/site-packages/django/db/models/manager.py", line 87, in manager_method
    return getattr(self.get_queryset(), name)(*args, **kwargs)
           ~~~~~~~~~~~~~~~~~~~~~~~~~~~~~~~~~~^^^^^^^^^^^^^^^^^
  File "/Library/Frameworks/Python.framework/Versions/3.13/lib/python3.13/site-packages/django/db/models/query.py", line 1805, in _insert
    return query.get_compiler(using=using).execute_sql(returning_fields)
           ~~~~~~~~~~~~~~~~~~~~~~~~~~~~~~~~~~~~~~~~~~~^^^^^^^^^^^^^^^^^^
  File "/Library/Frameworks/Python.framework/Versions/3.13/lib/python3.13/site-packages/django/db/models/sql/compiler.py", line 1820, in execute_sql
    cursor.execute(sql, params)
    ~~~~~~~~~~~~~~^^^^^^^^^^^^^
  File "/Library/Frameworks/Python.framework/Versions/3.13/lib/python3.13/site-packages/django/db/backends/utils.py", line 102, in execute
    return super().execute(sql, params)
           ~~~~~~~~~~~~~~~^^^^^^^^^^^^^
  File "/Library/Frameworks/Python.framework/Versions/3.13/lib/python3.13/site-packages/django/db/backends/utils.py", line 67, in execute
    return self._execute_with_wrappers(
           ~~~~~~~~~~~~~~~~~~~~~~~~~~~^
        sql, params, many=False, executor=self._execute
        ^^^^^^^^^^^^^^^^^^^^^^^^^^^^^^^^^^^^^^^^^^^^^^^
    )
    ^
  File "/Library/Frameworks/Python.framework/Versions/3.13/lib/python3.13/site-packages/django/db/backends/utils.py", line 80, in _execute_with_wrappers
    return executor(sql, params, many, context)
  File "/Library/Frameworks/Python.framework/Versions/3.13/lib/python3.13/site-packages/django/db/backends/utils.py", line 84, in _execute
    with self.db.wrap_database_errors:
         ^^^^^^^^^^^^^^^^^^^^^^^^^^^^
  File "/Library/Frameworks/Python.framework/Versions/3.13/lib/python3.13/site-packages/django/db/utils.py", line 91, in __exit__
    raise dj_exc_value.with_traceback(traceback) from exc_value
  File "/Library/Frameworks/Python.framework/Versions/3.13/lib/python3.13/site-packages/django/db/backends/utils.py", line 89, in _execute
    return self.cursor.execute(sql, params)
           ~~~~~~~~~~~~~~~~~~~^^^^^^^^^^^^^
  File "/Library/Frameworks/Python.framework/Versions/3.13/lib/python3.13/site-packages/django/db/backends/sqlite3/base.py", line 328, in execute
    return super().execute(query, params)
           ~~~~~~~~~~~~~~~^^^^^^^^^^^^^^^
django.db.utils.IntegrityError: NOT NULL constraint failed: reservas.fecha_expiracion_reserva
ERROR 2026-01-08 16:43:22,489 basehttp "POST /api/reservas/ HTTP/1.1" 500 202254
INFO 2026-01-08 16:45:07,398 autoreload /Users/catalinamarin/Desktop/bikemetro-fullstack/backend/api/models.py changed, reloading.
INFO 2026-01-08 16:45:07,859 autoreload Watching for file changes with StatReloader
INFO 2026-01-08 16:45:22,991 autoreload Watching for file changes with StatReloader
INFO 2026-01-08 16:45:30,194 basehttp "GET /api/usuarios/me/ HTTP/1.1" 200 203
INFO 2026-01-08 16:45:30,205 basehttp "GET /api/estaciones/ HTTP/1.1" 200 1884
INFO 2026-01-08 16:45:32,661 basehttp "GET /api/estaciones/7/espacios/ HTTP/1.1" 200 2097
ERROR 2026-01-08 16:45:35,976 log Internal Server Error: /api/reservas/
Traceback (most recent call last):
  File "/Library/Frameworks/Python.framework/Versions/3.13/lib/python3.13/site-packages/django/db/backends/utils.py", line 89, in _execute
    return self.cursor.execute(sql, params)
           ~~~~~~~~~~~~~~~~~~~^^^^^^^^^^^^^
  File "/Library/Frameworks/Python.framework/Versions/3.13/lib/python3.13/site-packages/django/db/backends/sqlite3/base.py", line 328, in execute
    return super().execute(query, params)
           ~~~~~~~~~~~~~~~^^^^^^^^^^^^^^^
sqlite3.IntegrityError: NOT NULL constraint failed: reservas.fecha_expiracion_reserva

The above exception was the direct cause of the following exception:

Traceback (most recent call last):
  File "/Library/Frameworks/Python.framework/Versions/3.13/lib/python3.13/site-packages/django/core/handlers/exception.py", line 55, in inner
    response = get_response(request)
  File "/Library/Frameworks/Python.framework/Versions/3.13/lib/python3.13/site-packages/django/core/handlers/base.py", line 197, in _get_response
    response = wrapped_callback(request, *callback_args, **callback_kwargs)
  File "/Library/Frameworks/Python.framework/Versions/3.13/lib/python3.13/site-packages/django/views/decorators/csrf.py", line 56, in wrapper_view
    return view_func(*args, **kwargs)
  File "/Library/Frameworks/Python.framework/Versions/3.13/lib/python3.13/site-packages/rest_framework/viewsets.py", line 125, in view
    return self.dispatch(request, *args, **kwargs)
           ~~~~~~~~~~~~~^^^^^^^^^^^^^^^^^^^^^^^^^^
  File "/Library/Frameworks/Python.framework/Versions/3.13/lib/python3.13/site-packages/rest_framework/views.py", line 515, in dispatch
    response = self.handle_exception(exc)
  File "/Library/Frameworks/Python.framework/Versions/3.13/lib/python3.13/site-packages/rest_framework/views.py", line 475, in handle_exception
    self.raise_uncaught_exception(exc)
    ~~~~~~~~~~~~~~~~~~~~~~~~~~~~~^^^^^
  File "/Library/Frameworks/Python.framework/Versions/3.13/lib/python3.13/site-packages/rest_framework/views.py", line 486, in raise_uncaught_exception
    raise exc
  File "/Library/Frameworks/Python.framework/Versions/3.13/lib/python3.13/site-packages/rest_framework/views.py", line 512, in dispatch
    response = handler(request, *args, **kwargs)
  File "/Library/Frameworks/Python.framework/Versions/3.13/lib/python3.13/site-packages/rest_framework/mixins.py", line 19, in create
    self.perform_create(serializer)
    ~~~~~~~~~~~~~~~~~~~^^^^^^^^^^^^
  File "/Library/Frameworks/Python.framework/Versions/3.13/lib/python3.13/site-packages/rest_framework/mixins.py", line 24, in perform_create
    serializer.save()
    ~~~~~~~~~~~~~~~^^
  File "/Library/Frameworks/Python.framework/Versions/3.13/lib/python3.13/site-packages/rest_framework/serializers.py", line 210, in save
    self.instance = self.create(validated_data)
                    ~~~~~~~~~~~^^^^^^^^^^^^^^^^
  File "/Users/catalinamarin/Desktop/bikemetro-fullstack/backend/api/serializers.py", line 302, in create
    reserva.save()
    ~~~~~~~~~~~~^^
  File "/Users/catalinamarin/Desktop/bikemetro-fullstack/backend/api/models.py", line 317, in save
    super().save(*args, **kwargs)
    ~~~~~~~~~~~~^^^^^^^^^^^^^^^^^
  File "/Library/Frameworks/Python.framework/Versions/3.13/lib/python3.13/site-packages/django/db/models/base.py", line 814, in save
    self.save_base(
    ~~~~~~~~~~~~~~^
        using=using,
        ^^^^^^^^^^^^
    ...<2 lines>...
        update_fields=update_fields,
        ^^^^^^^^^^^^^^^^^^^^^^^^^^^^
    )
    ^
  File "/Library/Frameworks/Python.framework/Versions/3.13/lib/python3.13/site-packages/django/db/models/base.py", line 877, in save_base
    updated = self._save_table(
        raw,
    ...<4 lines>...
        update_fields,
    )
  File "/Library/Frameworks/Python.framework/Versions/3.13/lib/python3.13/site-packages/django/db/models/base.py", line 1020, in _save_table
    results = self._do_insert(
        cls._base_manager, using, fields, returning_fields, raw
    )
  File "/Library/Frameworks/Python.framework/Versions/3.13/lib/python3.13/site-packages/django/db/models/base.py", line 1061, in _do_insert
    return manager._insert(
           ~~~~~~~~~~~~~~~^
        [self],
        ^^^^^^^
    ...<3 lines>...
        raw=raw,
        ^^^^^^^^
    )
    ^
  File "/Library/Frameworks/Python.framework/Versions/3.13/lib/python3.13/site-packages/django/db/models/manager.py", line 87, in manager_method
    return getattr(self.get_queryset(), name)(*args, **kwargs)
           ~~~~~~~~~~~~~~~~~~~~~~~~~~~~~~~~~~^^^^^^^^^^^^^^^^^
  File "/Library/Frameworks/Python.framework/Versions/3.13/lib/python3.13/site-packages/django/db/models/query.py", line 1805, in _insert
    return query.get_compiler(using=using).execute_sql(returning_fields)
           ~~~~~~~~~~~~~~~~~~~~~~~~~~~~~~~~~~~~~~~~~~~^^^^^^^^^^^^^^^^^^
  File "/Library/Frameworks/Python.framework/Versions/3.13/lib/python3.13/site-packages/django/db/models/sql/compiler.py", line 1820, in execute_sql
    cursor.execute(sql, params)
    ~~~~~~~~~~~~~~^^^^^^^^^^^^^
  File "/Library/Frameworks/Python.framework/Versions/3.13/lib/python3.13/site-packages/django/db/backends/utils.py", line 102, in execute
    return super().execute(sql, params)
           ~~~~~~~~~~~~~~~^^^^^^^^^^^^^
  File "/Library/Frameworks/Python.framework/Versions/3.13/lib/python3.13/site-packages/django/db/backends/utils.py", line 67, in execute
    return self._execute_with_wrappers(
           ~~~~~~~~~~~~~~~~~~~~~~~~~~~^
        sql, params, many=False, executor=self._execute
        ^^^^^^^^^^^^^^^^^^^^^^^^^^^^^^^^^^^^^^^^^^^^^^^
    )
    ^
  File "/Library/Frameworks/Python.framework/Versions/3.13/lib/python3.13/site-packages/django/db/backends/utils.py", line 80, in _execute_with_wrappers
    return executor(sql, params, many, context)
  File "/Library/Frameworks/Python.framework/Versions/3.13/lib/python3.13/site-packages/django/db/backends/utils.py", line 84, in _execute
    with self.db.wrap_database_errors:
         ^^^^^^^^^^^^^^^^^^^^^^^^^^^^
  File "/Library/Frameworks/Python.framework/Versions/3.13/lib/python3.13/site-packages/django/db/utils.py", line 91, in __exit__
    raise dj_exc_value.with_traceback(traceback) from exc_value
  File "/Library/Frameworks/Python.framework/Versions/3.13/lib/python3.13/site-packages/django/db/backends/utils.py", line 89, in _execute
    return self.cursor.execute(sql, params)
           ~~~~~~~~~~~~~~~~~~~^^^^^^^^^^^^^
  File "/Library/Frameworks/Python.framework/Versions/3.13/lib/python3.13/site-packages/django/db/backends/sqlite3/base.py", line 328, in execute
    return super().execute(query, params)
           ~~~~~~~~~~~~~~~^^^^^^^^^^^^^^^
django.db.utils.IntegrityError: NOT NULL constraint failed: reservas.fecha_expiracion_reserva
ERROR 2026-01-08 16:45:36,028 basehttp "POST /api/reservas/ HTTP/1.1" 500 202250
INFO 2026-01-08 16:46:25,274 autoreload /Users/catalinamarin/Desktop/bikemetro-fullstack/backend/api/models.py changed, reloading.
INFO 2026-01-08 16:46:25,709 autoreload Watching for file changes with StatReloader
INFO 2026-01-08 16:46:48,620 autoreload /Users/catalinamarin/Desktop/bikemetro-fullstack/backend/api/serializers.py changed, reloading.
INFO 2026-01-08 16:46:49,060 autoreload Watching for file changes with StatReloader
INFO 2026-01-08 16:47:47,093 autoreload Watching for file changes with StatReloader
INFO 2026-01-08 16:48:10,448 basehttp "GET /api/usuarios/me/ HTTP/1.1" 200 203
INFO 2026-01-08 16:48:10,460 basehttp "GET /api/estaciones/ HTTP/1.1" 200 1884
INFO 2026-01-08 16:48:12,810 basehttp "GET /api/estaciones/7/espacios/ HTTP/1.1" 200 2097
INFO 2026-01-08 16:48:15,994 basehttp "POST /api/reservas/ HTTP/1.1" 201 28
INFO 2026-01-08 16:52:17,419 autoreload /Users/catalinamarin/Desktop/bikemetro-fullstack/backend/api/views.py changed, reloading.
INFO 2026-01-08 16:52:17,997 autoreload Watching for file changes with StatReloader
INFO 2026-01-08 16:52:24,392 autoreload /Users/catalinamarin/Desktop/bikemetro-fullstack/backend/api/views.py changed, reloading.
INFO 2026-01-08 16:52:24,921 autoreload Watching for file changes with StatReloader
INFO 2026-01-08 16:52:50,195 autoreload Watching for file changes with StatReloader
INFO 2026-01-08 16:53:22,180 basehttp "GET /api/usuarios/me/ HTTP/1.1" 200 203
INFO 2026-01-08 16:53:22,190 basehttp "GET /api/estaciones/ HTTP/1.1" 200 1884
INFO 2026-01-08 16:53:24,112 basehttp "GET /api/estaciones/7/espacios/ HTTP/1.1" 200 2095
INFO 2026-01-08 16:53:30,329 basehttp "POST /api/reservas/ HTTP/1.1" 201 568
INFO 2026-01-08 16:53:54,489 basehttp "GET /api/estaciones/ HTTP/1.1" 200 1884
INFO 2026-01-08 16:53:56,265 basehttp "GET /api/estaciones/7/espacios/ HTTP/1.1" 200 2093
INFO 2026-01-08 19:33:41,285 autoreload Watching for file changes with StatReloader
INFO 2026-01-08 19:34:17,787 basehttp "GET /api/usuarios/me/ HTTP/1.1" 200 203
INFO 2026-01-08 19:34:17,800 basehttp "GET /api/estaciones/ HTTP/1.1" 200 1884
INFO 2026-01-08 19:34:36,462 basehttp "GET /api/reservas/activas/ HTTP/1.1" 200 2414
INFO 2026-01-08 19:35:15,577 basehttp "GET /api/estaciones/11/espacios/ HTTP/1.1" 200 2099
INFO 2026-01-08 19:35:54,257 basehttp "POST /api/auth/login/ HTTP/1.1" 200 489
INFO 2026-01-08 19:35:54,300 basehttp "GET /api/usuarios/me/ HTTP/1.1" 200 203
INFO 2026-01-08 19:35:54,384 basehttp "GET /api/estaciones/ HTTP/1.1" 200 1884
